<?xml version="1.0" encoding="UTF-8"?>
<testng-results ignored="0" total="2" passed="1" failed="1" skipped="0">
  <reporter-output>
  </reporter-output>
  <suite started-at="2021-04-22T19:00:45 IST" name="Default suite" finished-at="2021-04-22T19:01:15 IST" duration-ms="30202">
    <groups>
    </groups>
    <test started-at="2021-04-22T19:00:45 IST" name="Default test" finished-at="2021-04-22T19:01:15 IST" duration-ms="30202">
      <class name="com.qa.occupancy.test.Dashboard2Test">
        <test-method is-config="true" signature="setUp()[pri:0, instance:com.qa.occupancy.test.Dashboard2Test@6111ba37]" started-at="2021-04-22T19:00:45 IST" name="setUp" finished-at="2021-04-22T19:00:56 IST" duration-ms="10666" status="PASS">
          <reporter-output>
          </reporter-output>
        </test-method> <!-- setUp -->
        <test-method signature="dropDwonTest()[pri:1, instance:com.qa.occupancy.test.Dashboard2Test@6111ba37]" started-at="2021-04-22T19:00:56 IST" name="dropDwonTest" finished-at="2021-04-22T19:00:56 IST" duration-ms="172" status="FAIL">
          <exception class="java.lang.AssertionError">
            <message>
              <![CDATA[expected [true] but found [false]]]>
            </message>
            <full-stacktrace>
              <![CDATA[java.lang.AssertionError: expected [true] but found [false]
at org.testng.Assert.fail(Assert.java:99)
at org.testng.Assert.failNotEquals(Assert.java:1037)
at org.testng.Assert.assertTrue(Assert.java:45)
at org.testng.Assert.assertTrue(Assert.java:55)
at com.qa.occupancy.test.Dashboard2Test.dropDwonTest(Dashboard2Test.java:67)
at java.base/jdk.internal.reflect.NativeMethodAccessorImpl.invoke0(Native Method)
at java.base/jdk.internal.reflect.NativeMethodAccessorImpl.invoke(NativeMethodAccessorImpl.java:64)
at java.base/jdk.internal.reflect.DelegatingMethodAccessorImpl.invoke(DelegatingMethodAccessorImpl.java:43)
at java.base/java.lang.reflect.Method.invoke(Method.java:564)
at org.testng.internal.MethodInvocationHelper.invokeMethod(MethodInvocationHelper.java:133)
at org.testng.internal.TestInvoker.invokeMethod(TestInvoker.java:598)
at org.testng.internal.TestInvoker.invokeTestMethod(TestInvoker.java:173)
at org.testng.internal.MethodRunner.runInSequence(MethodRunner.java:46)
at org.testng.internal.TestInvoker$MethodInvocationAgent.invoke(TestInvoker.java:824)
at org.testng.internal.TestInvoker.invokeTestMethods(TestInvoker.java:146)
at org.testng.internal.TestMethodWorker.invokeTestMethods(TestMethodWorker.java:146)
at org.testng.internal.TestMethodWorker.run(TestMethodWorker.java:128)
at java.base/java.util.ArrayList.forEach(ArrayList.java:1511)
at org.testng.TestRunner.privateRun(TestRunner.java:794)
at org.testng.TestRunner.run(TestRunner.java:596)
at org.testng.SuiteRunner.runTest(SuiteRunner.java:377)
at org.testng.SuiteRunner.runSequentially(SuiteRunner.java:371)
at org.testng.SuiteRunner.privateRun(SuiteRunner.java:332)
at org.testng.SuiteRunner.run(SuiteRunner.java:276)
at org.testng.SuiteRunnerWorker.runSuite(SuiteRunnerWorker.java:53)
at org.testng.SuiteRunnerWorker.run(SuiteRunnerWorker.java:96)
at org.testng.TestNG.runSuitesSequentially(TestNG.java:1212)
at org.testng.TestNG.runSuitesLocally(TestNG.java:1134)
at org.testng.TestNG.runSuites(TestNG.java:1063)
at org.testng.TestNG.run(TestNG.java:1031)
at org.testng.remote.AbstractRemoteTestNG.run(AbstractRemoteTestNG.java:115)
at org.testng.remote.RemoteTestNG.initAndRun(RemoteTestNG.java:251)
at org.testng.remote.RemoteTestNG.main(RemoteTestNG.java:77)
]]>
            </full-stacktrace>
          </exception> <!-- java.lang.AssertionError -->
          <reporter-output>
          </reporter-output>
        </test-method> <!-- dropDwonTest -->
        <test-method is-config="true" signature="tearDown(org.testng.ITestResult)[pri:0, instance:com.qa.occupancy.test.Dashboard2Test@6111ba37]" started-at="2021-04-22T19:00:57 IST" name="tearDown" finished-at="2021-04-22T19:00:57 IST" duration-ms="648" status="PASS">
          <params>
            <param index="0">
              <value>
                <![CDATA[[TestResult name=dropDwonTest status=FAILURE method=Dashboard2Test.dropDwonTest()[pri:1, instance:com.qa.occupancy.test.Dashboard2Test@6111ba37] output={null}]]]>
              </value>
            </param>
          </params>
          <reporter-output>
          </reporter-output>
        </test-method> <!-- tearDown -->
        <test-method is-config="true" signature="setUp()[pri:0, instance:com.qa.occupancy.test.Dashboard2Test@6111ba37]" started-at="2021-04-22T19:00:57 IST" name="setUp" finished-at="2021-04-22T19:01:08 IST" duration-ms="10659" status="PASS">
          <reporter-output>
          </reporter-output>
        </test-method> <!-- setUp -->
        <test-method signature="adminSelect()[pri:4, instance:com.qa.occupancy.test.Dashboard2Test@6111ba37]" started-at="2021-04-22T19:01:08 IST" name="adminSelect" finished-at="2021-04-22T19:01:14 IST" duration-ms="6562" status="PASS">
          <reporter-output>
          </reporter-output>
        </test-method> <!-- adminSelect -->
        <test-method is-config="true" signature="tearDown(org.testng.ITestResult)[pri:0, instance:com.qa.occupancy.test.Dashboard2Test@6111ba37]" started-at="2021-04-22T19:01:14 IST" name="tearDown" finished-at="2021-04-22T19:01:15 IST" duration-ms="635" status="PASS">
          <params>
            <param index="0">
              <value>
                <![CDATA[[TestResult name=adminSelect status=SUCCESS method=Dashboard2Test.adminSelect()[pri:4, instance:com.qa.occupancy.test.Dashboard2Test@6111ba37] output={null}]]]>
              </value>
            </param>
          </params>
          <reporter-output>
          </reporter-output>
        </test-method> <!-- tearDown -->
      </class> <!-- com.qa.occupancy.test.Dashboard2Test -->
    </test> <!-- Default test -->
  </suite> <!-- Default suite -->
</testng-results>
